2025-05-26 20:38:12,560 - [ROLEPLAY] - INFO - ✅ Base de datos maestra inicializada
2025-05-26 20:38:12,561 - [ROLEPLAY] - WARNING - ⚠️ Google Sheets no configurado - funcionando sin sincronización
2025-05-26 20:38:12,572 - [ROLEPLAY] - INFO - ✅ Item épico creado: Espada Flamígera del Amanecer
2025-05-26 20:38:12,581 - [ROLEPLAY] - INFO - ✅ Item épico creado: Armadura de Escamas Dracónicas
2025-05-26 20:38:12,590 - [ROLEPLAY] - INFO - ✅ Item épico creado: Amuleto de los Vientos Susurrantes
2025-05-26 20:38:12,599 - [ROLEPLAY] - INFO - ✅ NPC maestro creado: Chancho Verde Ancestral
2025-05-26 20:38:12,609 - [ROLEPLAY] - INFO - ✅ NPC maestro creado: Dragón Rojo Emperador
2025-05-26 20:38:12,619 - [ROLEPLAY] - INFO - ✅ NPC maestro creado: Lich Supremo Malachar
2025-05-26 20:38:12,629 - [ROLEPLAY] - INFO - ✅ NPC maestro creado: Asesino de las Sombras
2025-05-26 20:38:12,630 - [ROLEPLAY] - INFO - 🚀 Iniciando Unity RPG Bot DEFINITIVO...
2025-05-26 20:38:12,630 - [ROLEPLAY] - INFO - 📊 Google Sheets: ❌ Modo Local
2025-05-26 20:38:12,630 - [ROLEPLAY] - INFO - 🎭 Sistema de roleplay profundo activado
2025-05-26 20:38:12,631 - [ROLEPLAY] - INFO - ⚡ Sin límites de puntuación habilitado
2025-05-26 20:38:12,631 - [ROLEPLAY] - INFO - 🎲 Menús interactivos listos
2025-05-26 20:38:16,153 - [ROLEPLAY] - INFO - ✅ Diler DEFINITIVO conectado como Diler#2517
2025-05-26 20:38:16,684 - [ROLEPLAY] - INFO - 📡 7 comandos maestros sincronizados
2025-05-26 20:59:57,698 - [ROLEPLAY] - INFO - ✅ NPC maestro creado: Wendigo
2025-05-26 21:07:57,238 - [ROLEPLAY] - INFO - ✅ Excel maestro creado para Fëanor
2025-05-26 21:07:57,456 - [ROLEPLAY] - ERROR - ❌ Error creando personaje: 400 Bad Request (error code: 50035): Invalid Form Body
In embeds.0.fields.0.value: Must be 1024 or fewer in length.
2025-05-26 21:09:24,648 - [ROLEPLAY] - INFO - ✅ Excel maestro creado para Fëanor
2025-05-26 21:09:24,649 - [ROLEPLAY] - ERROR - ❌ Error creando personaje: UNIQUE constraint failed: personajes.nombre
2025-05-26 21:11:05,718 - [ROLEPLAY] - INFO - ✅ Excel maestro creado para Fëanor
2025-05-26 21:11:05,719 - [ROLEPLAY] - ERROR - ❌ Error creando personaje: UNIQUE constraint failed: personajes.nombre
2025-05-26 21:13:51,793 - [ROLEPLAY] - INFO - ✅ Excel maestro creado para Finn
2025-05-26 21:15:58,485 - [ROLEPLAY] - INFO - ✅ Excel maestro creado para Arcadio
2025-05-26 21:36:55,021 - [ROLEPLAY] - INFO - ✅ Vida de Wendigo actualizada a 100
2025-05-26 21:37:20,802 - [ROLEPLAY] - INFO - ✅ NPC maestro creado: Oso mutante
2025-05-26 21:38:57,118 - [ROLEPLAY] - INFO - [DADOS] Fëanor - Ataque fisico: D20(13) + Fuerza(6) + Bonus(4) = 23
2025-05-26 21:39:52,253 - [ROLEPLAY] - INFO - [DADOS] Fëanor - Ataque magico: D20(10) + Mana(6) + Bonus(10) = 26
2025-05-26 22:26:14,661 - [ROLEPLAY] - INFO - 🛑 Bot maestro detenido por el usuario
2025-05-26 22:26:14,661 - [ROLEPLAY] - INFO - 👋 Unity RPG Bot DEFINITIVO cerrado - ¡Que continúen las aventuras!
